<?xml version="1.0" encoding="UTF-8"?>
<!-- Generated by org.testng.reporters.JUnitXMLReporter -->
<testsuite ignored="0" hostname="Chandra-XPS" failures="0" tests="61" name="Surefire test" time="28.894" errors="0" timestamp="2024-08-29T14:48:09 CDT">
  <testcase classname="api.test.DDTests" name="testPOSTUsers" time="2.557"/>
  <testcase classname="api.test.DDTests" name="testPOSTUsers" time="0.288"/>
  <testcase classname="api.test.DDTests" name="testPOSTUsers" time="0.403"/>
  <testcase classname="api.test.DDTests" name="testPOSTUsers" time="0.297"/>
  <testcase classname="api.test.DDTests" name="testPOSTUsers" time="0.291"/>
  <testcase classname="api.test.DDTests" name="testPOSTUsers" time="0.296"/>
  <testcase classname="api.test.DDTests" name="testPOSTUsers" time="0.302"/>
  <testcase classname="api.test.DDTests" name="testPOSTUsers" time="0.412"/>
  <testcase classname="api.test.DDTests" name="testPOSTUsers" time="0.394"/>
  <testcase classname="api.test.DDTests" name="testPOSTUsers" time="0.285"/>
  <testcase classname="api.test.DDTests" name="testPOSTUsers" time="0.284"/>
  <testcase classname="api.test.DDTests" name="testPOSTUsers" time="0.293"/>
  <testcase classname="api.test.DDTests" name="testPOSTUsers" time="0.768"/>
  <testcase classname="api.test.DDTests" name="testPOSTUsers" time="0.837"/>
  <testcase classname="api.test.DDTests" name="testPOSTUsers" time="0.607"/>
  <testcase classname="api.test.DDTests" name="testPOSTUsers" time="0.486"/>
  <testcase classname="api.test.DDTests" name="testPOSTUsers" time="0.296"/>
  <testcase classname="api.test.DDTests" name="testPOSTUsers" time="0.406"/>
  <testcase classname="api.test.DDTests" name="testPOSTUsers" time="0.446"/>
  <testcase classname="api.test.DDTests" name="testGetUser" time="0.443"/>
  <testcase classname="api.test.DDTests" name="testGetUser" time="0.289"/>
  <testcase classname="api.test.DDTests" name="testGetUser" time="0.358"/>
  <testcase classname="api.test.DDTests" name="testGetUser" time="0.382"/>
  <testcase classname="api.test.DDTests" name="testGetUser" time="0.383"/>
  <testcase classname="api.test.DDTests" name="testGetUser" time="0.363"/>
  <testcase classname="api.test.DDTests" name="testGetUser" time="0.263"/>
  <testcase classname="api.test.DDTests" name="testGetUser" time="0.38"/>
  <testcase classname="api.test.DDTests" name="testGetUser" time="0.38"/>
  <testcase classname="api.test.DDTests" name="testGetUser" time="0.268"/>
  <testcase classname="api.test.DDTests" name="testGetUser" time="0.409"/>
  <testcase classname="api.test.DDTests" name="testGetUser" time="0.358"/>
  <testcase classname="api.test.DDTests" name="testGetUser" time="0.393"/>
  <testcase classname="api.test.DDTests" name="testGetUser" time="0.267"/>
  <testcase classname="api.test.DDTests" name="testGetUser" time="0.384"/>
  <testcase classname="api.test.DDTests" name="testGetUser" time="0.278"/>
  <testcase classname="api.test.DDTests" name="testGetUser" time="0.381"/>
  <testcase classname="api.test.DDTests" name="testGetUser" time="0.345"/>
  <testcase classname="api.test.DDTests" name="testGetUser" time="0.388"/>
  <testcase classname="api.test.DDTests" name="testDelUser" time="0.372"/>
  <testcase classname="api.test.DDTests" name="testDelUser" time="0.383"/>
  <testcase classname="api.test.DDTests" name="testDelUser" time="0.276"/>
  <testcase classname="api.test.DDTests" name="testDelUser" time="0.377"/>
  <testcase classname="api.test.DDTests" name="testDelUser" time="0.39"/>
  <testcase classname="api.test.DDTests" name="testDelUser" time="0.276"/>
  <testcase classname="api.test.DDTests" name="testDelUser" time="0.264"/>
  <testcase classname="api.test.DDTests" name="testDelUser" time="0.38"/>
  <testcase classname="api.test.DDTests" name="testDelUser" time="0.382"/>
  <testcase classname="api.test.DDTests" name="testDelUser" time="0.386"/>
  <testcase classname="api.test.DDTests" name="testDelUser" time="0.274"/>
  <testcase classname="api.test.DDTests" name="testDelUser" time="0.384"/>
  <testcase classname="api.test.DDTests" name="testDelUser" time="0.281"/>
  <testcase classname="api.test.DDTests" name="testDelUser" time="0.323"/>
  <testcase classname="api.test.DDTests" name="testDelUser" time="0.278"/>
  <testcase classname="api.test.DDTests" name="testDelUser" time="0.386"/>
  <testcase classname="api.test.DDTests" name="testDelUser" time="0.276"/>
  <testcase classname="api.test.DDTests" name="testDelUser" time="0.381"/>
  <testcase classname="api.test.DDTests" name="testDelUser" time="0.27"/>
  <testcase classname="api.test.userTests" name="testPostUser" time="0.393"/>
  <testcase classname="api.test.userTests" name="testGetUser" time="0.284"/>
  <testcase classname="api.test.userTests" name="testPutUser" time="1.367"/>
  <testcase classname="api.test.userTests" name="testDelUser" time="0.266"/>
</testsuite> <!-- Surefire test -->
