<?xml version="1.0" encoding="UTF-8"?>
<testsuite xmlns:xsi="http://www.w3.org/2001/XMLSchema-instance" xsi:noNamespaceSchemaLocation="https://maven.apache.org/surefire/maven-surefire-plugin/xsd/surefire-test-report.xsd" version="3.0.2" name="TestSuite" time="29.324" tests="61" errors="0" skipped="0" failures="0">
  <properties>
[...]
</properties>
  <testcase name="testPOSTUsers[1010, UserName1, FirstName1, LastName1, email1@gmail.com, Password1, 1234567890](1)" classname="api.test.DDTests" time="2.554">
    <system-err><![CDATA[SLF4J: Failed to load class "org.slf4j.impl.StaticLoggerBinder".
SLF4J: Defaulting to no-operation (NOP) logger implementation
SLF4J: See http://www.slf4j.org/codes.html#StaticLoggerBinder for further details.
]]></system-err>
  </testcase>
  <testcase name="testPOSTUsers[1011, UserName2, FirstName2, LastName2, email2@gmail.com, Password2, 1234567891](2)" classname="api.test.DDTests" time="0.29"/>
  <testcase name="testPOSTUsers[1012, UserName3, FirstName3, LastName3, email3@gmail.com, Password3, 1234567892](3)" classname="api.test.DDTests" time="0.4"/>
  <testcase name="testPOSTUsers[1013, UserName4, FirstName4, LastName4, email4@gmail.com, Password4, 1234567893](4)" classname="api.test.DDTests" time="0.297"/>
  <testcase name="testPOSTUsers[1014, UserName5, FirstName5, LastName5, email5@gmail.com, Password5, 1234567894](5)" classname="api.test.DDTests" time="0.305"/>
  <testcase name="testPOSTUsers[1015, UserName6, FirstName6, LastName6, email6@gmail.com, Password6, 1234567895](6)" classname="api.test.DDTests" time="0.306"/>
  <testcase name="testPOSTUsers[1016, UserName7, FirstName7, LastName7, email7@gmail.com, Password7, 1234567896](7)" classname="api.test.DDTests" time="0.296"/>
  <testcase name="testPOSTUsers[1017, UserName8, FirstName8, LastName8, email8@gmail.com, Password8, 1234567897](8)" classname="api.test.DDTests" time="0.418"/>
  <testcase name="testPOSTUsers[1018, UserName9, FirstName9, LastName9, email9@gmail.com, Password9, 1234567898](9)" classname="api.test.DDTests" time="0.387"/>
  <testcase name="testPOSTUsers[1019, UserName10, FirstName10, LastName10, email10@gmail.com, Password10, 1234567899](10)" classname="api.test.DDTests" time="0.278"/>
  <testcase name="testPOSTUsers[1020, UserName11, FirstName11, LastName11, email11@gmail.com, Password11, 1234567900](11)" classname="api.test.DDTests" time="0.285"/>
  <testcase name="testPOSTUsers[1021, UserName12, FirstName12, LastName12, email12@gmail.com, Password12, 1234567901](12)" classname="api.test.DDTests" time="0.305"/>
  <testcase name="testPOSTUsers[1022, UserName13, FirstName13, LastName13, email13@gmail.com, Password13, 1234567902](13)" classname="api.test.DDTests" time="0.756"/>
  <testcase name="testPOSTUsers[1023, UserName14, FirstName14, LastName14, email14@gmail.com, Password14, 1234567903](14)" classname="api.test.DDTests" time="0.839"/>
  <testcase name="testPOSTUsers[1024, UserName15, FirstName15, LastName15, email15@gmail.com, Password15, 1234567904](15)" classname="api.test.DDTests" time="0.628"/>
  <testcase name="testPOSTUsers[1025, UserName16, FirstName16, LastName16, email16@gmail.com, Password16, 1234567905](16)" classname="api.test.DDTests" time="0.464"/>
  <testcase name="testPOSTUsers[1026, UserName17, FirstName17, LastName17, email17@gmail.com, Password17, 1234567906](17)" classname="api.test.DDTests" time="0.291"/>
  <testcase name="testPOSTUsers[1027, UserName18, FirstName18, LastName18, email18@gmail.com, Password18, 1234567907](18)" classname="api.test.DDTests" time="0.422"/>
  <testcase name="testPOSTUsers[1028, UserName19, FirstName19, LastName19, email19@gmail.com, Password19, 1234567908](19)" classname="api.test.DDTests" time="0.428"/>
  <testcase name="testGetUser[UserName1](1)" classname="api.test.DDTests" time="0.442"/>
  <testcase name="testGetUser[UserName2](2)" classname="api.test.DDTests" time="0.289"/>
  <testcase name="testGetUser[UserName3](3)" classname="api.test.DDTests" time="0.36"/>
  <testcase name="testGetUser[UserName4](4)" classname="api.test.DDTests" time="0.381"/>
  <testcase name="testGetUser[UserName5](5)" classname="api.test.DDTests" time="0.384"/>
  <testcase name="testGetUser[UserName6](6)" classname="api.test.DDTests" time="0.363"/>
  <testcase name="testGetUser[UserName7](7)" classname="api.test.DDTests" time="0.264"/>
  <testcase name="testGetUser[UserName8](8)" classname="api.test.DDTests" time="0.381"/>
  <testcase name="testGetUser[UserName9](9)" classname="api.test.DDTests" time="0.381"/>
  <testcase name="testGetUser[UserName10](10)" classname="api.test.DDTests" time="0.268"/>
  <testcase name="testGetUser[UserName11](11)" classname="api.test.DDTests" time="0.41"/>
  <testcase name="testGetUser[UserName12](12)" classname="api.test.DDTests" time="0.358"/>
  <testcase name="testGetUser[UserName13](13)" classname="api.test.DDTests" time="0.394"/>
  <testcase name="testGetUser[UserName14](14)" classname="api.test.DDTests" time="0.267"/>
  <testcase name="testGetUser[UserName15](15)" classname="api.test.DDTests" time="0.384"/>
  <testcase name="testGetUser[UserName16](16)" classname="api.test.DDTests" time="0.281"/>
  <testcase name="testGetUser[UserName17](17)" classname="api.test.DDTests" time="0.381"/>
  <testcase name="testGetUser[UserName18](18)" classname="api.test.DDTests" time="0.346"/>
  <testcase name="testGetUser[UserName19](19)" classname="api.test.DDTests" time="0.388"/>
  <testcase name="testDelUser[UserName1](1)" classname="api.test.DDTests" time="0.372"/>
  <testcase name="testDelUser[UserName2](2)" classname="api.test.DDTests" time="0.383"/>
  <testcase name="testDelUser[UserName3](3)" classname="api.test.DDTests" time="0.276"/>
  <testcase name="testDelUser[UserName4](4)" classname="api.test.DDTests" time="0.377"/>
  <testcase name="testDelUser[UserName5](5)" classname="api.test.DDTests" time="0.391"/>
  <testcase name="testDelUser[UserName6](6)" classname="api.test.DDTests" time="0.278"/>
  <testcase name="testDelUser[UserName7](7)" classname="api.test.DDTests" time="0.264"/>
  <testcase name="testDelUser[UserName8](8)" classname="api.test.DDTests" time="0.38"/>
  <testcase name="testDelUser[UserName9](9)" classname="api.test.DDTests" time="0.383"/>
  <testcase name="testDelUser[UserName10](10)" classname="api.test.DDTests" time="0.386"/>
  <testcase name="testDelUser[UserName11](11)" classname="api.test.DDTests" time="0.274"/>
  <testcase name="testDelUser[UserName12](12)" classname="api.test.DDTests" time="0.384"/>
  <testcase name="testDelUser[UserName13](13)" classname="api.test.DDTests" time="0.281"/>
  <testcase name="testDelUser[UserName14](14)" classname="api.test.DDTests" time="0.324"/>
  <testcase name="testDelUser[UserName15](15)" classname="api.test.DDTests" time="0.278"/>
  <testcase name="testDelUser[UserName16](16)" classname="api.test.DDTests" time="0.388"/>
  <testcase name="testDelUser[UserName17](17)" classname="api.test.DDTests" time="0.276"/>
  <testcase name="testDelUser[UserName18](18)" classname="api.test.DDTests" time="0.399"/>
  <testcase name="testDelUser[UserName19](19)" classname="api.test.DDTests" time="0.252"/>
  <testcase name="testPostUser" classname="api.test.userTests" time="0.395"/>
  <testcase name="testGetUser" classname="api.test.userTests" time="0.285"/>
  <testcase name="testPutUser" classname="api.test.userTests" time="1.368"/>
  <testcase name="testDelUser" classname="api.test.userTests" time="0.267"/>
</testsuite>