<?xml version="1.0" encoding="UTF-8"?>
<!-- Generated by org.testng.reporters.JUnitXMLReporter -->
<testsuite ignored="0" hostname="Chandra-XPS" failures="0" tests="61" name="PetTest" time="27.158" errors="0" timestamp="2024-08-29T14:58:09 CDT">
  <testcase classname="api.test.userTests2" name="testPostUser" time="1.909"/>
  <testcase classname="api.test.userTests2" name="testGetUser" time="0.412"/>
  <testcase classname="api.test.userTests2" name="testPutUser" time="1.351"/>
  <testcase classname="api.test.userTests2" name="testDelUser" time="0.346"/>
  <testcase classname="api.test.DDTests2" name="testPOSTUsers" time="0.394"/>
  <testcase classname="api.test.DDTests2" name="testPOSTUsers" time="0.297"/>
  <testcase classname="api.test.DDTests2" name="testPOSTUsers" time="0.404"/>
  <testcase classname="api.test.DDTests2" name="testPOSTUsers" time="0.541"/>
  <testcase classname="api.test.DDTests2" name="testPOSTUsers" time="0.504"/>
  <testcase classname="api.test.DDTests2" name="testPOSTUsers" time="0.503"/>
  <testcase classname="api.test.DDTests2" name="testPOSTUsers" time="0.562"/>
  <testcase classname="api.test.DDTests2" name="testPOSTUsers" time="0.51"/>
  <testcase classname="api.test.DDTests2" name="testPOSTUsers" time="0.31"/>
  <testcase classname="api.test.DDTests2" name="testPOSTUsers" time="0.346"/>
  <testcase classname="api.test.DDTests2" name="testPOSTUsers" time="0.319"/>
  <testcase classname="api.test.DDTests2" name="testPOSTUsers" time="0.281"/>
  <testcase classname="api.test.DDTests2" name="testPOSTUsers" time="0.392"/>
  <testcase classname="api.test.DDTests2" name="testPOSTUsers" time="0.281"/>
  <testcase classname="api.test.DDTests2" name="testPOSTUsers" time="0.273"/>
  <testcase classname="api.test.DDTests2" name="testPOSTUsers" time="0.27"/>
  <testcase classname="api.test.DDTests2" name="testPOSTUsers" time="0.4"/>
  <testcase classname="api.test.DDTests2" name="testPOSTUsers" time="0.415"/>
  <testcase classname="api.test.DDTests2" name="testPOSTUsers" time="0.31"/>
  <testcase classname="api.test.DDTests2" name="testGetUser" time="0.258"/>
  <testcase classname="api.test.DDTests2" name="testGetUser" time="0.38"/>
  <testcase classname="api.test.DDTests2" name="testGetUser" time="0.397"/>
  <testcase classname="api.test.DDTests2" name="testGetUser" time="0.266"/>
  <testcase classname="api.test.DDTests2" name="testGetUser" time="0.372"/>
  <testcase classname="api.test.DDTests2" name="testGetUser" time="0.269"/>
  <testcase classname="api.test.DDTests2" name="testGetUser" time="0.382"/>
  <testcase classname="api.test.DDTests2" name="testGetUser" time="0.379"/>
  <testcase classname="api.test.DDTests2" name="testGetUser" time="0.39"/>
  <testcase classname="api.test.DDTests2" name="testGetUser" time="0.386"/>
  <testcase classname="api.test.DDTests2" name="testGetUser" time="0.261"/>
  <testcase classname="api.test.DDTests2" name="testGetUser" time="0.388"/>
  <testcase classname="api.test.DDTests2" name="testGetUser" time="0.266"/>
  <testcase classname="api.test.DDTests2" name="testGetUser" time="0.419"/>
  <testcase classname="api.test.DDTests2" name="testGetUser" time="0.456"/>
  <testcase classname="api.test.DDTests2" name="testGetUser" time="0.272"/>
  <testcase classname="api.test.DDTests2" name="testGetUser" time="0.276"/>
  <testcase classname="api.test.DDTests2" name="testGetUser" time="0.374"/>
  <testcase classname="api.test.DDTests2" name="testGetUser" time="0.39"/>
  <testcase classname="api.test.DDTests2" name="testDelUser" time="0.255"/>
  <testcase classname="api.test.DDTests2" name="testDelUser" time="0.368"/>
  <testcase classname="api.test.DDTests2" name="testDelUser" time="0.271"/>
  <testcase classname="api.test.DDTests2" name="testDelUser" time="0.27"/>
  <testcase classname="api.test.DDTests2" name="testDelUser" time="0.336"/>
  <testcase classname="api.test.DDTests2" name="testDelUser" time="0.391"/>
  <testcase classname="api.test.DDTests2" name="testDelUser" time="0.268"/>
  <testcase classname="api.test.DDTests2" name="testDelUser" time="0.268"/>
  <testcase classname="api.test.DDTests2" name="testDelUser" time="0.377"/>
  <testcase classname="api.test.DDTests2" name="testDelUser" time="0.423"/>
  <testcase classname="api.test.DDTests2" name="testDelUser" time="0.411"/>
  <testcase classname="api.test.DDTests2" name="testDelUser" time="0.384"/>
  <testcase classname="api.test.DDTests2" name="testDelUser" time="0.273"/>
  <testcase classname="api.test.DDTests2" name="testDelUser" time="0.257"/>
  <testcase classname="api.test.DDTests2" name="testDelUser" time="0.336"/>
  <testcase classname="api.test.DDTests2" name="testDelUser" time="0.385"/>
  <testcase classname="api.test.DDTests2" name="testDelUser" time="0.255"/>
  <testcase classname="api.test.DDTests2" name="testDelUser" time="0.264"/>
  <testcase classname="api.test.DDTests2" name="testDelUser" time="0.274"/>
</testsuite> <!-- PetTest -->
